0,0.44444,0.55556,0,0,0.0049971
0,0,0.66667,0.33333,0,0.00060774
0,0.33333,0.44444,0.22222,1.1102e-16,0.0011005
0,0.11111,0.66667,0.22222,1.1102e-16,0.0009092
0,0.22222,0.22222,0.55556,0,0.00054378
0,0.33333,0.55556,0,0.11111,0.0049823
0,0.11111,0.77778,0,0.11111,0.00013731
0,0.11111,0.77778,0.11111,0,0.0038589
0,0.33333,0.55556,0.11111,0,0.0028865
0,0.11111,0.88889,0,0,0.0044165
0,0.33333,0.66667,0,0,0.0049786
0,0.11111,0.22222,0,0.66667,0.00063769
0,0.44444,0,0.44444,0.11111,0.0032851
0,0.22222,0,0.44444,0.33333,0.0013691
0,0.11111,0.11111,0,0.77778,0.00056457
0,0,0.11111,0.66667,0.22222,0.0021975
0,0,0,0,1,0.000477
0,0.33333,0.11111,0.11111,0.44444,0.00094461
0,0,0.33333,0.55556,0.11111,0.0041451
0,0,0,0.88889,0.11111,0.0038044
0,0.33333,0,0,0.66667,0.00063282
0,0.11111,0,0.11111,0.77778,0.00058824
0,0.44444,0.22222,0.11111,0.22222,0.0019135
0,0.33333,0.22222,0.33333,0.11111,0.0037133
0,0,0.55556,0,0.44444,0.00095095
0,0.22222,0.11111,0.44444,0.22222,0.0020267
0,0,0.22222,0.55556,0.22222,0.0021866
0,0.11111,0.44444,0.33333,0.11111,0.0043202
0,0.22222,0.44444,0.22222,0.11111,0.0043415
0,0.11111,0.33333,0.11111,0.44444,0.00096891
0,0.55556,0,0,0.44444,0.00089135
0,0.44444,0,0.55556,0,0.00055836
0,0,0.77778,0,0.22222,0.0023829
0,0,0,1,0,0.00056481
0,0,0.33333,0.66667,0,0.00060434
0,0.33333,0.22222,0.44444,0,0.00061816
0,0.11111,0.44444,0.44444,0,0.00062119
0,0.22222,0.33333,0,0.44444,0.00093156
0,0.22222,0.44444,0.33333,0,0.00064715
0,0,0.77778,0.11111,0.11111,0.00017205
0,0.44444,0,0,0.55556,0.00073415
0,0,0.77778,0.22222,1.1102e-16,0.00077216
0,0.22222,0,0,0.77778,0.00056347
0,0.11111,0.22222,0.11111,0.55556,0.00077851
0,0.22222,0,0.55556,0.22222,0.0020285
0,0.22222,0.11111,0.55556,0.11111,0.0036236
0,0,0.11111,0.77778,0.11111,0.0038887
0,0.33333,0.11111,0.22222,0.33333,0.0012905
0,0,0.22222,0.66667,0.11111,0.0039985
0,0.11111,0.11111,0.11111,0.66667,0.00066381
0,0.11111,0,0.22222,0.66667,0.00069029
0,0.33333,0,0.11111,0.55556,0.00076671
0,0,0,0.11111,0.88889,0.00053619
0,0,0.55556,0.11111,0.33333,0.0013556
0,0,0.88889,0,0.11111,0.00013345
0,0.44444,0.22222,0.22222,0.11111,0.0036467
0,0.55556,0,0.11111,0.33333,0.0012076
0,0,0.88889,0.11111,0,0.0044594
0,0.11111,0.33333,0.22222,0.33333,0.0013491
0,0,0.11111,0,0.88889,0.00051442
0,0,1,0,0,0.0019485
0,0.22222,0.11111,0.66667,0,0.00052689
0,0,0.11111,0.88889,0,0.00053938
0,0.44444,0.11111,0,0.44444,0.00090583
0,0,0.22222,0.77778,1.1102e-16,0.00058264
0,0.33333,0.33333,0,0.33333,0.0012611
0,0.44444,0.22222,0.33333,0,0.00085332
0,0.11111,0.55556,0,0.33333,0.001322
0,0.22222,0.33333,0.11111,0.33333,0.0013027
0,0,0.44444,0,0.55556,0.00075424
0,0.22222,0.55556,0,0.22222,0.0021883
0,0.44444,0,0.11111,0.44444,0.00093101
0,0.22222,0,0.66667,0.11111,0.0035056
0,0.22222,0,0.11111,0.66667,0.00066081
0,0,0.55556,0.22222,0.22222,0.0022145
0,0.11111,0.22222,0.22222,0.44444,0.00099812
0,0.11111,0,0.33333,0.55556,0.00083701
0,0.33333,0,0.22222,0.44444,0.00097187
0,0,0,0.22222,0.77778,0.0006145
0,0.33333,0.11111,0.33333,0.22222,0.0019555
0,0.11111,0.11111,0.22222,0.55556,0.00080754
0,0.22222,0,0.77778,1.1102e-16,0.00052619
0,0.11111,0,0,0.88889,0.00051384
0,0.55556,0,0.22222,0.22222,0.0018061
0,0,0.33333,0,0.66667,0.00063962
0,0.44444,0.11111,0.11111,0.33333,0.0012404
0,0.22222,0.22222,0,0.55556,0.00074569
0,0,0.11111,0.11111,0.77778,0.00059002
0,0,0.22222,0,0.77778,0.0005656
0,0.11111,0.33333,0.33333,0.22222,0.0021123
0,0.44444,0.33333,0,0.22222,0.0019637
0,0.11111,0.55556,0.11111,0.22222,0.0021907
0,0,0.44444,0.11111,0.44444,0.00097933
0,0.33333,0.33333,0.11111,0.22222,0.0020077
0,0.22222,0.55556,0.11111,0.11111,0.0048617
0,0.22222,0.33333,0.22222,0.22222,0.0020559
0,0.22222,0.55556,0.22222,0,0.0010106
0,0.44444,0,0.22222,0.33333,0.0012596
0,0.22222,0,0.22222,0.55556,0.00080082
0,0,0,0.33333,0.66667,0.00072191
0,0.11111,0,0.44444,0.44444,0.0010605
0,0.22222,0.11111,0,0.66667,0.00063543
0,0,0.55556,0.33333,0.11111,0.0046375
0,0.11111,0.22222,0.33333,0.33333,0.0013731
0,0.11111,0.11111,0.33333,0.44444,0.001029
0,0.33333,0,0.33333,0.33333,0.0013129
0,0.33333,0.11111,0.44444,0.11111,0.0035263
0,0,0.33333,0.11111,0.55556,0.00078368
0,0.44444,0.11111,0.22222,0.22222,0.0018882
0,0,0.11111,0.22222,0.66667,0.00069425
0,0.11111,0.33333,0.44444,0.11111,0.0040575
0,0.22222,0.66667,0,0.11111,0.00015326
0,0.55556,0.11111,0.22222,0.11111,0.0033382
0,0.22222,0.22222,0.11111,0.44444,0.00095733
0,0.55556,0,0.33333,0.11111,0.0031781
0,0,0.22222,0.11111,0.66667,0.0006667
0,0.22222,0.66667,0.11111,0,0.0026072
0,0,0.55556,0.44444,0,0.00064864
0,0.22222,0.77778,0,1.1102e-16,0.0034737
0,0.55556,0.11111,0.33333,0,0.00072048
0,0.33333,0.11111,0.55556,0,0.00051917
0,0.11111,0.55556,0.22222,0.11111,0.0047135
0,0.11111,0.33333,0.55556,0,0.00057292
0,0.44444,0.33333,0.11111,0.11111,0.0039569
0,0.55556,0,0.44444,0,0.00060843
0,0,0.44444,0.22222,0.33333,0.0013762
0,0.22222,0.33333,0.33333,0.11111,0.0040099
0,0.33333,0.33333,0.22222,0.11111,0.0039825
0,0.11111,0.55556,0.33333,0,0.00069097
0,0.44444,0.33333,0.22222,1.1102e-16,0.00093605
0,0.33333,0.33333,0.33333,0,0.00070591
0,0.22222,0.33333,0.44444,0,0.00056943
0,0.44444,0,0.33333,0.22222,0.0018778
0,0.22222,0,0.33333,0.44444,0.0010148
0,0,0,0.44444,0.55556,0.00087607
0,0.11111,0,0.55556,0.33333,0.0014297
0,0.66667,0.22222,0.11111,0,0.001678
0,0.22222,0.11111,0.11111,0.55556,0.0007729
0,0.11111,0.11111,0.44444,0.33333,0.0014004
0,0.33333,0,0.44444,0.22222,0.001951
0,0.66667,0.33333,0,0,0.004024
0,0,0.33333,0.22222,0.44444,0.0010105
0,0.11111,0.22222,0.44444,0.22222,0.0021037
0,0.22222,0.22222,0.22222,0.33333,0.0013206
0,0.44444,0.11111,0.33333,0.11111,0.0034352
0,0,0.11111,0.33333,0.55556,0.00084501
0,0,0.66667,0,0.33333,0.0013456
0,0.55556,0.22222,0,0.22222,0.0018541
0,0,0.22222,0.22222,0.55556,0.00081413
0,0.66667,0,0,0.33333,0.0011559
0,0.11111,0.44444,0,0.44444,0.00094222
0,0.33333,0.22222,0,0.44444,0.00091933
0,0.44444,0.11111,0.44444,0,0.00059726
0,0.55556,0.11111,0,0.33333,0.0011914
0,0,0.44444,0.33333,0.22222,0.0021896
0,0.44444,0.44444,0,0.11111,0.0044397
0,0.33333,0.44444,0,0.22222,0.0020762
0,0.11111,0.66667,0,0.22222,0.0022942
0,0.44444,0.44444,0.11111,0,0.002233
0,0.22222,0.44444,0,0.33333,0.0012934
0,0,0,0.55556,0.44444,0.0011107
0,0.11111,0,0.66667,0.22222,0.0021138
0,0.88889,0,0,0.11111,0.0027084
0,0.88889,0,0.11111,0,0.0017303
0,0.77778,0,0,0.22222,0.0016515
0,0.11111,0.11111,0.55556,0.22222,0.0021054
0,0,0.11111,0.44444,0.44444,0.0010768
0,0.22222,0.22222,0.33333,0.22222,0.002034
0,0.22222,0.11111,0.22222,0.44444,0.00098536
0,0.11111,0.66667,0.11111,0.11111,0.00017276
0,0.11111,0.22222,0.55556,0.11111,0.0038728
0,0.33333,0,0.55556,0.11111,0.0033915
0,0,0.33333,0.33333,0.33333,0.0014026
0,0.88889,0.11111,0,0,0.0040802
0,0,0.66667,0.11111,0.22222,0.0022702
0,0.55556,0.22222,0.11111,0.11111,0.0035643
0,0.66667,0,0.11111,0.22222,0.0017324
0,0,0.22222,0.33333,0.44444,0.0010433
0,0.33333,0.22222,0.11111,0.33333,0.0012723
0,0.55556,0.11111,0.11111,0.22222,0.0018212
0,1,0,0,0,0.004812
0,0.11111,0.22222,0.66667,0,0.00056152
0,0.33333,0,0.66667,0,0.0005902
0,0.11111,0.44444,0.11111,0.33333,0.0013308
0,0.55556,0.22222,0.22222,0,0.00097265
0,0.44444,0.22222,0,0.33333,0.0012267
0,0,0.44444,0.44444,0.11111,0.0043472
0,0,0.66667,0.22222,0.11111,0.005
0,0.11111,0,0.77778,0.11111,0.0036372
0,0,0.44444,0.55556,0,0.00054078
0.11111,0,0,0.44444,0.44444,0.0010538
0,0,0,0.66667,0.33333,0.0014975
0,0.33333,0.44444,0.11111,0.11111,0.0043917
0,0.22222,0.44444,0.11111,0.22222,0.0021013
0.11111,0,0.88889,0,0,0.0024077
0,0.11111,0,0.88889,0,0.00048986
0,0.77778,0,0.11111,0.11111,0.002911
0,0.11111,0.11111,0.66667,0.11111,0.0037381
0.11111,0.11111,0,0.77778,1.1102e-16,0.00050066
0,0,0.11111,0.55556,0.33333,0.0014645
0.11111,0,0.11111,0.33333,0.44444,0.0010184
0,0,0.33333,0.44444,0.22222,0.0021826
0,0.22222,0.22222,0.44444,0.11111,0.0037842
0,0.66667,0,0.22222,0.11111,0.0030591
0,0.77778,0,0.22222,1.1102e-16,0.00116
0,0.22222,0.11111,0.33333,0.33333,0.0013433
0,0.33333,0.22222,0.22222,0.22222,0.001972
0,0.11111,0.33333,0,0.55556,0.00075039
0,0.11111,0.11111,0.77778,1.1102e-16,0.00055205
0,0,0.22222,0.44444,0.33333,0.0014325
0.11111,0,0,0,0.88889,0.000517
0,0.33333,0.11111,0,0.55556,0.00074029
0,0.66667,0,0.33333,0,0.00075286
0.11111,0,0.22222,0.33333,0.33333,0.0013392
0,0.11111,0.44444,0.22222,0.22222,0.0021376
0.11111,0.22222,0.66667,0,0,0.0016941
0,0.55556,0.33333,0,0.11111,0.0038946
0.11111,0,0.33333,0.44444,0.11111,0.0037319
0.11111,0,0.55556,0.11111,0.22222,0.0019975
0,0.55556,0.33333,0.11111,0,0.0025112
0,0,0,0.77778,0.22222,0.0022129
0,0.55556,0.44444,0,0,0.0045046
0.11111,0,0,0.55556,0.33333,0.0014115
0.11111,0.11111,0,0,0.77778,0.00056431
0.11111,0,0.33333,0.55556,0,0.00061797
0.11111,0.55556,0,0.33333,0,0.00066754
0.11111,0.11111,0.22222,0,0.55556,0.00073564
0.11111,0.11111,0.33333,0.22222,0.22222,0.0019266
0.11111,0.88889,0,0,0,0.0049257
0.11111,0.11111,0.11111,0,0.66667,0.00063276
0.11111,0,0.11111,0.44444,0.33333,0.0013752
0.11111,0.11111,0.55556,0.11111,0.11111,0.0040787
0.11111,0.22222,0,0.33333,0.33333,0.0012811
0.11111,0.22222,0.11111,0.44444,0.11111,0.0032783
0,0.77778,0.11111,0,0.11111,0.0030365
0.11111,0.33333,0.33333,0,0.22222,0.0017961
0.11111,0,0,0.11111,0.77778,0.00059068
0.11111,0.11111,0.55556,0.22222,0,0.00085896
0,0.66667,0.11111,0,0.22222,0.0017497
0.11111,0.33333,0.11111,0.11111,0.33333,0.0011945
0.11111,0.44444,0,0.22222,0.22222,0.0017194
0.11111,0.22222,0.33333,0.11111,0.22222,0.0018588
0.11111,0,0.22222,0.44444,0.22222,0.0020219
0,0.77778,0.11111,0.11111,0,0.0015417
0.11111,0.22222,0.11111,0.55556,0,0.00056753
0.11111,0.44444,0.22222,0.11111,0.11111,0.0031949
0.11111,0.33333,0,0,0.55556,0.00072492
0,0.77778,0.22222,0,1.1102e-16,0.0031961
0.11111,0,0.55556,0.22222,0.11111,0.0040745
0.11111,0.66667,0,0.11111,0.11111,0.0027039
0.11111,0,0.44444,0,0.44444,0.000914
0.11111,0.11111,0,0.11111,0.66667,0.00065975
0.11111,0,0,0.66667,0.22222,0.0020669
0.11111,0,0.55556,0.33333,0,0.00064387
0.22222,0,0,0.77778,1.1102e-16,0.00064266
0.11111,0.44444,0.22222,0.22222,0,0.00076953
0.11111,0.55556,0.11111,0,0.22222,0.0016367
0.11111,0.11111,0.22222,0.11111,0.44444,0.00093667
0.22222,0,0,0,0.77778,0.00056904
0.11111,0.66667,0,0.22222,1.1102e-16,0.00068809
0.11111,0,0.11111,0.55556,0.22222,0.0020431
0.11111,0.11111,0.33333,0.33333,0.11111,0.0036234
0.11111,0.22222,0,0.44444,0.22222,0.0018793
0.11111,0.11111,0.11111,0.11111,0.55556,0.00076587
0.11111,0,0,0.22222,0.66667,0.00069148
0.11111,0.11111,0.33333,0.44444,0,0.00057786
0.11111,0.33333,0.11111,0.22222,0.22222,0.001788
0,0.66667,0.11111,0.11111,0.11111,0.0032161
0.11111,0,0.22222,0.55556,0.11111,0.0036309
0.11111,0.33333,0.33333,0.11111,0.11111,0.0034741
0.11111,0.11111,0.66667,0,0.11111,0.0045134
0.11111,0.22222,0.33333,0.22222,0.11111,0.0035437
0.11111,0.22222,0.22222,0,0.44444,0.00089405
0.11111,0.44444,0,0.33333,0.11111,0.0029579
0.11111,0.33333,0,0.11111,0.44444,0.00091271
0,0.66667,0.11111,0.22222,1.1102e-16,0.00094581
0.11111,0.33333,0.33333,0.22222,1.1102e-16,0.00076789
0.11111,0.11111,0.66667,0.11111,0,0.0011311
0.11111,0,0.22222,0.66667,0,0.0006214
0.22222,0,0.11111,0,0.66667,0.00063578
0.11111,0,0,0.77778,0.11111,0.0035
0.11111,0.11111,0,0.22222,0.55556,0.0007963
0.11111,0,0.66667,0,0.22222,0.0020206
0.11111,0.22222,0.33333,0.33333,0,0.0006059
0.11111,0.11111,0.77778,0,1.1102e-16,0.0013444
0.11111,0.44444,0,0.44444,0,0.00061093
0.11111,0,0.44444,0.11111,0.33333,0.0012714
0.22222,0,0,0.11111,0.66667,0.00066399
0.11111,0.44444,0.33333,0,0.11111,0.0033971
0.11111,0.11111,0.22222,0.22222,0.33333,0.0012774
0.11111,0.55556,0.11111,0.11111,0.11111,0.0029376
0.11111,0,0,0.88889,0,0.00061776
0.11111,0.66667,0.11111,0,0.11111,0.002795
0.11111,0,0.11111,0.66667,0.11111,0.0035563
0.11111,0.22222,0,0.55556,0.11111,0.0031982
0.11111,0.44444,0.33333,0.11111,0,0.00088767
0.11111,0.11111,0.11111,0.22222,0.44444,0.00096984
0.11111,0.66667,0.11111,0.11111,0,0.00090641
0.11111,0.55556,0.11111,0.22222,0,0.00067541
0.11111,0.11111,0.44444,0,0.33333,0.0012204
0.11111,0.44444,0.44444,0,0,0.0015169
0.11111,0,0,0.33333,0.55556,0.00083558
0.11111,0.33333,0,0.22222,0.33333,0.0012229
0.11111,0.22222,0,0.66667,0,0.00054569
0.11111,0,0.11111,0.77778,1.1102e-16,0.0005413
0.11111,0.22222,0.22222,0.11111,0.33333,0.0012214
0.11111,0.33333,0.11111,0.33333,0.11111,0.0031662
0.11111,0.66667,0.22222,0,1.1102e-16,0.0011277
0.11111,0.33333,0.44444,0,0.11111,0.0037477
0,0.66667,0.22222,0,0.11111,0.0034291
0.11111,0,0.33333,0,0.55556,0.00074047
0.11111,0.11111,0,0.33333,0.44444,0.0010033
0.11111,0.33333,0.11111,0.44444,0,0.00051167
0.22222,0,0.11111,0.11111,0.55556,0.00076693
0.11111,0.44444,0.11111,0,0.33333,0.0011407
0.11111,0.22222,0.44444,0,0.22222,0.001876
0.22222,0,0,0.22222,0.55556,0.00079914
0.11111,0,0.66667,0.11111,0.11111,0.0043809
0.11111,0.22222,0,0,0.66667,0.0006299
0.11111,0.11111,0.22222,0.33333,0.22222,0.0019343
0.11111,0.33333,0.44444,0.11111,0,0.0008453
0.11111,0,0.44444,0.22222,0.22222,0.0019953
0.11111,0,0.11111,0,0.77778,0.00056601
0.11111,0.33333,0.55556,0,0,0.001826
0.11111,0,0.66667,0.22222,1.1102e-16,0.00085383
0.11111,0.11111,0.11111,0.33333,0.33333,0.0013099
0.11111,0.11111,0.44444,0.11111,0.22222,0.0019301
0.11111,0.55556,0.22222,0,0.11111,0.0030789
0.11111,0,0.22222,0,0.66667,0.00063547
0.11111,0.33333,0,0.33333,0.22222,0.0017978
0.11111,0.22222,0.11111,0,0.55556,0.00073044
0.11111,0.55556,0,0,0.33333,0.0011119
0.11111,0.22222,0.22222,0.22222,0.22222,0.0018574
0.22222,0,0.22222,0,0.55556,0.00073464
0.22222,0,0.33333,0.22222,0.22222,0.0018527
0.11111,0.77778,0,0,0.11111,0.0025446
0.11111,0.55556,0.22222,0.11111,0,0.0008065
0.11111,0,0.33333,0.11111,0.44444,0.00094804
0.11111,0.33333,0.22222,0,0.33333,0.0011688
0.22222,0,0,0.33333,0.44444,0.001003
0.11111,0.11111,0,0.44444,0.33333,0.0013432
0.22222,0,0.11111,0.22222,0.44444,0.00096658
0.11111,0.77778,0,0.11111,0,0.00088461
0.11111,0.55556,0.33333,0,0,0.0015898
0.11111,0,0.44444,0.33333,0.11111,0.0038723
0.11111,0.22222,0.44444,0.11111,0.11111,0.0037714
0.11111,0.11111,0.22222,0.44444,0.11111,0.0034954
0.11111,0.44444,0.11111,0.11111,0.22222,0.0017128
0.11111,0.22222,0,0.11111,0.55556,0.00075964
0.11111,0,0.11111,0.11111,0.66667,0.00066345
0.11111,0.44444,0,0,0.44444,0.00087044
0.11111,0.77778,0.11111,0,0,0.0012294
0.11111,0,0.77778,0,0.11111,0.004881
0.11111,0,0.44444,0.44444,0,0.00070607
0.11111,0.11111,0.22222,0.55556,0,0.00057695
0.11111,0.22222,0.44444,0.22222,1.1102e-16,0.00067708
0.11111,0.11111,0.44444,0.22222,0.11111,0.0038061
0.11111,0,0.22222,0.11111,0.55556,0.00077193
0.11111,0.11111,0.11111,0.44444,0.22222,0.0019487
0.11111,0,0.77778,0.11111,0,0.0009949
0.11111,0.33333,0,0.44444,0.11111,0.0030757
0.11111,0.22222,0.11111,0.11111,0.44444,0.00092497
0.11111,0.55556,0,0.11111,0.22222,0.0016414
0.11111,0.22222,0.22222,0.33333,0.11111,0.0033884
0.22222,0,0.33333,0.33333,0.11111,0.0033829
0.22222,0,0.22222,0.11111,0.44444,0.00093003
0.11111,0.11111,0.44444,0.33333,0,0.00067336
0.11111,0,0.33333,0.22222,0.33333,0.0013042
0.11111,0.33333,0,0.55556,0,0.00051801
0.11111,0.11111,0,0.55556,0.22222,0.0019673
0.22222,0,0.11111,0.33333,0.33333,0.0012963
0.22222,0,0,0.44444,0.33333,0.0013348
0.11111,0.33333,0.22222,0.11111,0.22222,0.0017859
0.11111,0.22222,0.22222,0.44444,0,0.00053087
0.22222,0,0.33333,0.44444,0,0.00059059
0.11111,0.66667,0,0,0.22222,0.0015608
0.11111,0.44444,0.11111,0.22222,0.11111,0.0030562
0.11111,0.44444,0,0.11111,0.33333,0.0011669
0.11111,0,0.11111,0.22222,0.55556,0.00080377
0.11111,0.22222,0,0.22222,0.44444,0.00095674
0.11111,0,0.55556,0,0.33333,0.0012425
0.22222,0,0.55556,0.11111,0.11111,0.0036166
0.11111,0.11111,0.33333,0,0.44444,0.00090449
0.22222,0.11111,0.66667,0,0,0.0011779
0.11111,0.22222,0.55556,0,0.11111,0.0041245
0.11111,0.44444,0.11111,0.33333,0,0.00057825
0.11111,0,0.22222,0.22222,0.44444,0.00098303
0.11111,0.11111,0.11111,0.55556,0.11111,0.0034029
0.22222,0,0.55556,0.22222,0,0.00072652
0.22222,0.11111,0,0.33333,0.33333,0.0012667
0.11111,0.22222,0.11111,0.22222,0.33333,0.0012504
0.11111,0.55556,0,0.22222,0.11111,0.0028371
0.11111,0.22222,0.55556,0.11111,0,0.00083576
0.11111,0.11111,0.11111,0.66667,0,0.0006139
0.22222,0,0.22222,0.22222,0.33333,0.0012575
0.11111,0.33333,0.11111,0,0.44444,0.0008826
0.11111,0.11111,0,0.66667,0.11111,0.0033344
0.11111,0.11111,0.55556,0,0.22222,0.0019523
0.22222,0,0,0.55556,0.22222,0.0019377
0.11111,0.33333,0.22222,0.22222,0.11111,0.0032925
0.11111,0.22222,0.33333,0,0.33333,0.0011955
0.11111,0,0.33333,0.33333,0.22222,0.002005
0.22222,0,0.11111,0.44444,0.22222,0.0019077
0.22222,0.44444,0,0.33333,0,0.00058991
0.22222,0,0.44444,0,0.33333,0.0011821
0.22222,0.77778,0,0,1.1102e-16,0.0048847
0.22222,0.11111,0.11111,0.44444,0.11111,0.0031153
0.22222,0.11111,0.33333,0.11111,0.22222,0.00177
0.22222,0.22222,0.11111,0.11111,0.33333,0.0011701
0.11111,0.33333,0.22222,0.33333,0,0.00065394
0.22222,0.22222,0.33333,0,0.22222,0.001696
0.11111,0.11111,0.33333,0.11111,0.33333,0.001247
0.22222,0.22222,0,0,0.55556,0.00072311
0.22222,0.33333,0,0.22222,0.22222,0.0016668
0.22222,0.11111,0.11111,0.55556,0,0.00062959
0.11111,0.44444,0.22222,0,0.22222,0.0017158
0.22222,0.11111,0,0.44444,0.22222,0.0018387
0.33333,0.11111,0.44444,0.11111,0,0.00070093
0.11111,0.22222,0.11111,0.33333,0.22222,0.0018654
0.22222,0,0.66667,0,0.11111,0.0038288
0.22222,0.33333,0.22222,0.11111,0.11111,0.0029506
0.33333,0,0.11111,0,0.55556,0.00073416
0.22222,0,0.22222,0.33333,0.22222,0.0018789
0.22222,0.55556,0,0.11111,0.11111,0.002561
0.22222,0,0.66667,0.11111,0,0.00090965
0.22222,0,0,0.66667,0.11111,0.003234
0.33333,0,0.22222,0.22222,0.22222,0.0017543
0.33333,0.22222,0.44444,0,0,0.00073461
0.33333,0.11111,0.55556,0,0,0.00081198
0.33333,0,0.44444,0.11111,0.11111,0.0031469
0.22222,0,0.44444,0.11111,0.22222,0.0018312
0.22222,0.33333,0.22222,0.22222,0,0.0006865
0.22222,0.44444,0.11111,0,0.22222,0.0015683
0.33333,0.11111,0,0.33333,0.22222,0.0017253
0.22222,0,0.11111,0.55556,0.11111,0.0032686
0.22222,0,0.77778,0,1.1102e-16,0.00089678
0.33333,0,0,0,0.66667,0.00063907
0.33333,0.11111,0.22222,0,0.33333,0.0011229
0.22222,0.55556,0,0.22222,0,0.00059079
0.33333,0,0.44444,0.22222,1.1102e-16,0.00071232
0.22222,0.11111,0.33333,0.22222,0.11111,0.0032625
0.22222,0.22222,0.11111,0.22222,0.22222,0.0017273
0.22222,0.22222,0.33333,0.11111,0.11111,0.0031647
0.22222,0,0.11111,0.66667,0,0.00064158
0.22222,0.11111,0.22222,0,0.44444,0.00088322
0.22222,0.11111,0.33333,0.33333,0,0.00070807
0.22222,0.22222,0,0.11111,0.44444,0.00090569
0.22222,0.22222,0.33333,0.22222,1.1102e-16,0.00064936
0.22222,0.33333,0,0.33333,0.11111,0.0028087
0.33333,0.22222,0.11111,0.11111,0.22222,0.0016085
0.33333,0.44444,0.22222,0,1.1102e-16,0.00066412
0.22222,0.11111,0,0.55556,0.11111,0.0030718
0.22222,0.33333,0,0.44444,0,0.00054251
0.22222,0,0.22222,0.44444,0.11111,0.0033163
0.33333,0,0.22222,0.33333,0.11111,0.0030449
0.33333,0,0.11111,0.11111,0.44444,0.00092039
0.33333,0.22222,0,0,0.44444,0.00086063
0.33333,0.33333,0,0,0.33333,0.0010777
0.33333,0.33333,0.22222,0,0.11111,0.0026682
0.22222,0.11111,0,0.66667,0,0.00052199
0.22222,0.33333,0.33333,0,0.11111,0.0030729
0.33333,0.11111,0,0.44444,0.11111,0.0028422
0.33333,0,0,0.11111,0.55556,0.00076633
0.22222,0.44444,0.11111,0.11111,0.11111,0.0027488
0.22222,0,0.22222,0.55556,0,0.00061404
0.22222,0,0.44444,0.22222,0.11111,0.0034777
0.33333,0.33333,0.22222,0.11111,0,0.0006413
0.22222,0.11111,0,0,0.66667,0.00063228
0.33333,0,0.22222,0.44444,0,0.00062574
0.22222,0.22222,0.11111,0.33333,0.11111,0.0029862
0.22222,0.33333,0.33333,0.11111,0,0.00075026
0.22222,0.55556,0.11111,0,0.11111,0.0026224
0.33333,0.11111,0.22222,0.11111,0.22222,0.0016641
0.22222,0.44444,0.11111,0.22222,1.1102e-16,0.00067432
0.33333,0,0.55556,0,0.11111,0.0032403
0.22222,0,0.44444,0.33333,0,0.00062689
0.33333,0.11111,0,0.55556,0,0.00057739
0.33333,0.33333,0.33333,0,0,0.00072798
0.22222,0.22222,0,0.22222,0.33333,0.0012042
0.22222,0.11111,0.44444,0,0.22222,0.0017584
0.22222,0.22222,0.44444,0,0.11111,0.0033209
0.22222,0.11111,0.22222,0.11111,0.33333,0.0011947
0.22222,0.33333,0.44444,0,0,0.0010225
0.33333,0,0.55556,0.11111,0,0.00082102
0.22222,0.55556,0.11111,0.11111,0,0.00072592
0.33333,0.22222,0.11111,0.22222,0.11111,0.0027366
0.22222,0.22222,0.11111,0.44444,0,0.00056705
0.33333,0.55556,0,0,0.11111,0.0023325
0.22222,0.22222,0.44444,0.11111,0,0.00070123
0.33333,0,0.66667,0,0,0.00097305
0.33333,0.33333,0,0.11111,0.22222,0.0015538
0.22222,0.55556,0.22222,0,0,0.00084024
0.22222,0.11111,0.11111,0,0.55556,0.00072886
0.22222,0.33333,0.11111,0,0.33333,0.0011129
0.33333,0.22222,0.11111,0.33333,0,0.00056869
0.33333,0.22222,0,0.11111,0.33333,0.0011368
0.33333,0,0.11111,0.22222,0.33333,0.0012263
0.22222,0.22222,0.55556,0,0,0.00087963
0.33333,0.55556,0,0.11111,0,0.0049695
0.22222,0,0.33333,0,0.44444,0.00089367
0.33333,0,0.33333,0,0.33333,0.0011453
0.22222,0.11111,0,0.11111,0.55556,0.00075995
0.33333,0,0,0.22222,0.44444,0.00095732
0.22222,0.44444,0.22222,0,0.11111,0.002839
0.33333,0.44444,0,0,0.22222,0.001473
0.33333,0.11111,0.22222,0.22222,0.11111,0.0029037
0.33333,0.55556,0.11111,0,0,0.00060603
0.22222,0.11111,0.44444,0.11111,0.11111,0.0033878
0.33333,0.11111,0.11111,0,0.44444,0.00087188
0.22222,0.22222,0,0.33333,0.22222,0.0017499
0.22222,0,0.55556,0,0.22222,0.0018177
0.22222,0.44444,0.22222,0.11111,0,0.00074011
0.22222,0.44444,0,0,0.33333,0.0010881
0.22222,0.11111,0.22222,0.22222,0.22222,0.0017892
0.22222,0.22222,0.22222,0,0.33333,0.0011369
0.33333,0.11111,0,0,0.55556,0.00072743
0.33333,0.11111,0.22222,0.33333,0,0.00063461
0.22222,0.11111,0.44444,0.22222,1.1102e-16,0.00067823
0.22222,0.44444,0.33333,0,0,0.00089536
0.22222,0.66667,0,0,0.11111,0.0024248
0.33333,0.33333,0,0.22222,0.11111,0.0025803
0.22222,0.11111,0.11111,0.11111,0.44444,0.00091778
0.22222,0.33333,0.11111,0.11111,0.22222,0.001647
0.33333,0.22222,0.22222,0,0.22222,0.001582
0.22222,0.33333,0,0,0.44444,0.00086124
0.33333,0,0.11111,0.33333,0.22222,0.0017884
0.22222,0,0.33333,0.11111,0.33333,0.0012191
0.33333,0.22222,0,0.22222,0.22222,0.001637
0.33333,0,0.33333,0.11111,0.22222,0.0017216
0.22222,0.11111,0,0.22222,0.44444,0.00095261
0.22222,0.66667,0,0.11111,0,0.00068873
0.33333,0,0,0.33333,0.33333,0.0012665
0.33333,0.33333,0,0.33333,0,0.00061502
0.33333,0.44444,0,0.11111,0.11111,0.0024575
0.44444,0,0.44444,0.11111,0,0.00081044
0.33333,0.11111,0.11111,0.11111,0.33333,0.001161
0.44444,0,0,0.33333,0.22222,0.0017205
0.22222,0.66667,0.11111,0,0,0.0007246
0.33333,0.66667,0,0,0,0.0049329
0.22222,0.22222,0,0.44444,0.11111,0.0029345
0.22222,0.44444,0,0.11111,0.22222,0.0015861
0.33333,0.44444,0,0.22222,1.1102e-16,0.00059619
0.22222,0.11111,0.22222,0.33333,0.11111,0.0031762
0.22222,0.22222,0.22222,0.11111,0.22222,0.0017085
0.33333,0.11111,0,0.11111,0.44444,0.00090732
0.33333,0.11111,0.33333,0,0.22222,0.001637
0.44444,0,0.55556,0,0,0.00073817
0.22222,0.22222,0,0.55556,0,0.00064982
0.22222,0.55556,0,0,0.22222,0.0015058
0.22222,0.11111,0.55556,0,0.11111,0.0035766
0.22222,0.33333,0.11111,0.22222,0.11111,0.0028672
0.22222,0.11111,0.22222,0.44444,0,0.0006449
0.22222,0.11111,0.11111,0.22222,0.33333,0.0012304
0.33333,0.22222,0.22222,0.11111,0.11111,0.0027825
0.33333,0.22222,0,0.33333,0.11111,0.0027063
0.33333,0,0.11111,0.44444,0.11111,0.0030178
0.22222,0.33333,0,0.11111,0.33333,0.0011451
0.44444,0,0.22222,0,0.33333,0.0011227
0.44444,0.11111,0.44444,0,0,0.00071679
0.33333,0,0,0.44444,0.22222,0.0018229
0.33333,0,0.33333,0.22222,0.11111,0.0030857
0.33333,0.33333,0.11111,0,0.22222,0.0015273
0.22222,0.11111,0.55556,0.11111,0,0.00078485
0.33333,0,0.11111,0.55556,0,0.00069031
0.22222,0.33333,0.11111,0.33333,0,0.00066155
0.33333,0.22222,0,0.44444,0,0.00060103
0.33333,0.22222,0.22222,0.22222,0,0.00068847
0.44444,0,0,0.44444,0.11111,0.0027933
0.44444,0,0,0,0.55556,0.00073669
0.33333,0,0.33333,0.33333,0,0.00078663
0.33333,0.11111,0.11111,0.22222,0.22222,0.0016939
0.22222,0.44444,0,0.22222,0.11111,0.0026864
0.44444,0.11111,0.11111,0.11111,0.22222,0.00159
0.44444,0.33333,0.22222,0,1.1102e-16,0.0006568
0.33333,0.44444,0.11111,0,0.11111,0.0024946
0.33333,0.11111,0,0.22222,0.33333,0.0011991
0.33333,0.11111,0.33333,0.11111,0.11111,0.0029593
0.44444,0.11111,0,0,0.44444,0.00086695
0.22222,0.22222,0.22222,0.22222,0.11111,0.0030593
0.44444,0,0,0.55556,0,0.00064467
0.22222,0.22222,0.11111,0,0.44444,0.00087239
0.33333,0.44444,0.11111,0.11111,0,0.00061155
0.55556,0,0.22222,0.22222,0,0.00067728
0.22222,0.22222,0.22222,0.33333,0,0.00069849
0.44444,0.22222,0.22222,0,0.11111,0.0025474
0.22222,0.11111,0.11111,0.33333,0.22222,0.0018126
0.33333,0.11111,0.33333,0.22222,1.1102e-16,0.00062837
0.22222,0.11111,0.33333,0,0.33333,0.00116
0.44444,0,0.22222,0.11111,0.22222,0.0016451
0.33333,0,0,0.55556,0.11111,0.0030001
0.44444,0.22222,0,0,0.33333,0.0010774
0.33333,0.33333,0.11111,0.11111,0.11111,0.0026152
0.33333,0.22222,0.11111,0,0.33333,0.0011005
0.44444,0.22222,0.22222,0.11111,0,0.00062006
0.33333,0,0.22222,0,0.44444,0.00088334
0.66667,0,0.22222,0.11111,0,0.0049833
0.33333,0,0,0.66667,0,0.00064291
0.33333,0.22222,0.33333,0,0.11111,0.0028519
0.22222,0.33333,0.22222,0,0.22222,0.0016321
0.33333,0,0.44444,0,0.22222,0.0016919
0.55556,0,0,0.33333,0.11111,0.0026093
0.33333,0.11111,0.11111,0.33333,0.11111,0.0028668
0.44444,0,0,0.11111,0.44444,0.00091627
0.33333,0.33333,0.11111,0.22222,1.1102e-16,0.00064252
0.44444,0.22222,0.33333,0,0,0.00071612
0.66667,0,0.33333,0,0,0.0049064
0.55556,0,0,0.44444,0,0.0049445
0.44444,0.44444,0,0,0.11111,0.0022625
0.44444,0.11111,0.11111,0.22222,0.11111,0.0026504
0.33333,0.22222,0.33333,0.11111,0,0.00068401
0.44444,0,0.11111,0,0.44444,0.00087923
0.55556,0.11111,0.11111,0,0.22222,0.0014984
0.33333,0.11111,0.11111,0.44444,0,0.00056494
0.44444,0.11111,0,0.11111,0.33333,0.0011389
0.55556,0.22222,0,0.22222,0,0.0046635
0.55556,0,0.33333,0,0.11111,0.0026101
0.66667,0.22222,0,0,0.11111,0.0021782
0.66667,0,0,0,0.33333,0.0011006
0.44444,0.11111,0.11111,0.33333,0,0.00062732
0.33333,0.11111,0.44444,0,0.11111,0.0030434
0.55556,0,0.33333,0.11111,0,0.00068355
0.44444,0,0.22222,0.22222,0.11111,0.0028092
0.44444,0.22222,0,0.11111,0.22222,0.001538
0.77778,0,0.11111,0.11111,0,0.0044373
0.88889,0,0.11111,0,0,0.0040515
0.55556,0,0.44444,0,0,0.00067764
0.33333,0,0.22222,0.11111,0.33333,0.0011858
0.44444,0,0,0.22222,0.33333,0.0012051
0.44444,0.33333,0,0,0.22222,0.0014558
0.44444,0,0.22222,0.33333,0,0.00068382
0.44444,0.44444,0,0.11111,0,0.0047828
0.55556,0.22222,0.11111,0,0.11111,0.0023347
0.66667,0.11111,0,0,0.22222,0.0014562
0.55556,0,0.11111,0,0.33333,0.0011088
0.44444,0,0.11111,0.11111,0.33333,0.0011642
0.55556,0.11111,0.11111,0.11111,0.11111,0.0024609
0.44444,0.11111,0.22222,0,0.22222,0.0015557
0.44444,0.44444,0.11111,0,0,0.0049495
0.44444,0.11111,0,0.22222,0.22222,0.0016251
0.55556,0.11111,0.11111,0.22222,0,0.0049892
0.66667,0.22222,0,0.11111,0,0.0042322
0.66667,0,0,0.11111,0.22222,0.0015465
0.88889,0.11111,0,0,0,0.0037226
0.77778,0,0.22222,0,1.1102e-16,0.0046047
0.55556,0.11111,0,0,0.33333,0.0010852
0.44444,0.33333,0,0.11111,0.11111,0.0023831
0.55556,0.22222,0.11111,0.11111,0,0.0049212
0.55556,0,0.11111,0.11111,0.22222,0.0015891
0.44444,0.22222,0,0.22222,0.11111,0.0025072
0.44444,0,0.33333,0,0.22222,0.0016081
0.55556,0.22222,0.22222,0,0,0.00064909
0.44444,0,0.11111,0.22222,0.22222,0.0016828
0.44444,0.22222,0,0.33333,0,0.0049938
0.55556,0.11111,0.22222,0,0.11111,0.0024665
0.66667,0.11111,0,0.11111,0.11111,0.0023036
1,0,0,0,0,0.0036426
0.44444,0.33333,0,0.22222,1.1102e-16,0.0049677
0.44444,0.11111,0.22222,0.11111,0.11111,0.0026694
0.66667,0.22222,0.11111,0,0,0.004428
0.77778,0.11111,0,0,0.11111,0.0021621
0.44444,0.55556,0,0,0,0.0045918
0.55556,0.11111,0.22222,0.11111,0,0.0049576
0.66667,0,0,0.22222,0.11111,0.002445
0.44444,0.11111,0,0.33333,0.11111,0.0026405
0.55556,0,0.11111,0.22222,0.11111,0.0026038
0.55556,0.11111,0.33333,0,0,0.00070955
0.55556,0.11111,0,0.11111,0.22222,0.0015358
0.44444,0.11111,0.22222,0.22222,0,0.00069658
0.55556,0,0.11111,0.33333,0,0.00060749
0.55556,0.33333,0,0,0.11111,0.0022115
0.44444,0.11111,0,0.44444,0,0.00062093
0.77778,0.11111,0,0.11111,0,0.0040589
0.44444,0,0.33333,0.11111,0.11111,0.0028306
0.66667,0.11111,0,0.22222,1.1102e-16,0.0044428
0.44444,0,0.11111,0.33333,0.11111,0.0027978
0.44444,0.33333,0.11111,0,0.11111,0.0024007
0.44444,0.22222,0.11111,0,0.22222,0.0015052
0.55556,0.22222,0,0,0.22222,0.0014507
0.66667,0,0,0.33333,0,0.0047047
0.66667,0.33333,0,0,0,0.0040467
0.44444,0,0.33333,0.22222,1.1102e-16,0.00075175
0.44444,0,0.11111,0.44444,0,0.00069949
0.55556,0.11111,0,0.22222,0.11111,0.0024622
0.44444,0.33333,0.11111,0.11111,0,0.00058814
0.55556,0,0,0,0.44444,0.00087925
0.44444,0.11111,0.33333,0,0.11111,0.0027023
0.55556,0,0.22222,0,0.22222,0.001549
0.55556,0.33333,0,0.11111,0,0.0044723
0.44444,0.11111,0.11111,0,0.33333,0.0010996
0.66667,0.11111,0.11111,0,0.11111,0.0022939
0.77778,0.11111,0.11111,0,0,0.0041981
0.44444,0.11111,0.33333,0.11111,0,0.00069607
0.55556,0.22222,0,0.11111,0.11111,0.0023325
0.55556,0.11111,0,0.33333,0,0.0048834
0.66667,0,0.11111,0,0.22222,0.0015055
0.77778,0,0,0,0.22222,0.0014722
0.44444,0,0.44444,0,0.11111,0.0028672
0.44444,0.22222,0.11111,0.11111,0.11111,0.0025215
0.55556,0,0,0.11111,0.33333,0.0011501
0.55556,0.33333,0.11111,0,0,0.0047455
0.55556,0,0.22222,0.11111,0.11111,0.0026032
0.44444,0.22222,0.11111,0.22222,1.1102e-16,0.0005578
0.66667,0.11111,0.11111,0.11111,0,0.0046274
0.77778,0.22222,0,0,1.1102e-16,0.0038577
0.66667,0,0.11111,0.11111,0.11111,0.0024317
0.77778,0,0,0.11111,0.11111,0.0022975
0.55556,0.44444,0,0,0,0.0042915
0.55556,0,0,0.22222,0.22222,0.0016288
0.66667,0.11111,0.22222,0,1.1102e-16,0.0048653
0.88889,0,0,0,0.11111,0.0021646
0.66667,0,0.11111,0.22222,1.1102e-16,0.0048808
0.77778,0,0,0.22222,1.1102e-16,0.0043042
0.88889,0,0,0.11111,0,0.0039528
0.66667,0,0.22222,0,0.11111,0.002422
0.77778,0,0.11111,0,0.11111,0.0022783
